<?xml version="1.0" encoding="UTF-8"?>
<!-- Generated by org.testng.reporters.JUnitXMLReporter -->
<testsuite ignored="0" hostname="LIN65004263" failures="2" tests="12" name="Test" time="0.076" errors="0" timestamp="2023-02-10T18:04:22 IST">
  <testcase classname="Test.day4" name="day4is1" time="0.004"/>
  <testcase classname="Test.day4" name="day4is2" time="0.001"/>
  <testcase classname="Test.day4" name="day4is3" time="0.001"/>
  <testcase classname="Test.day3" name="dataprovider" time="0.002"/>
  <testcase classname="Test.day3" name="dataprovider" time="0.001"/>
  <testcase classname="Test.day3" name="dataprovider" time="0.002"/>
  <testcase classname="Test.day3" name="day3is1" time="0.0">
    <failure type="org.testng.TestNGException" message="
Parameter &amp;apos;URL&amp;apos; is required by @Test on method day3is1 but has not been marked @Optional or defined
in C:\Users\MUSKALYA\eclipse-workspace\TestNgProject\testng.xml">
      <![CDATA[org.testng.TestNGException: 
Parameter 'URL' is required by @Test on method day3is1 but has not been marked @Optional or defined
in C:\Users\MUSKALYA\eclipse-workspace\TestNgProject\testng.xml
at java.base/java.util.ArrayList.forEach(ArrayList.java:1511)
... Removed 26 stack frames]]>
    </failure>
  </testcase> <!-- day3is1 -->
  <testcase classname="Test.day3" name="Listeners" time="0.004">
    <failure type="java.lang.AssertionError" message="expected [true] but found [false]">
      <![CDATA[java.lang.AssertionError: expected [true] but found [false]
at Test.day3.Listeners(day3.java:68)
at java.base/java.util.ArrayList.forEach(ArrayList.java:1511)
... Removed 31 stack frames]]>
    </failure>
  </testcase> <!-- Listeners -->
  <testcase classname="Test.day3" name="day3is3" time="0.002"/>
  <testcase classname="Test.day3" name="day3is2" time="0.0">
    <skipped/>
  </testcase> <!-- day3is2 -->
  <testcase classname="Test.day2" name="day2is" time="0.001"/>
  <testcase classname="Test.day1" name="Day1is" time="0.001"/>
</testsuite> <!-- Test -->
